INFO  Start processing
INFO  Hexo is running at http://localhost:4000 . Press Ctrl+C to stop.
INFO  Start processing
INFO  Hexo is running at http://localhost:4000 . Press Ctrl+C to stop.
INFO  Start processing
WARN  ===============================================================
WARN  ========================= ATTENTION! ==========================
WARN  ===============================================================
WARN   NexT repository is moving here: https://github.com/theme-next 
WARN  ===============================================================
WARN   It's rebase to v6.0.0 and future maintenance will resume there
WARN  ===============================================================
INFO  Hexo is running at http://localhost:4000 . Press Ctrl+C to stop.
INFO  Start processing
WARN  ===============================================================
WARN  ========================= ATTENTION! ==========================
WARN  ===============================================================
WARN   NexT repository is moving here: https://github.com/theme-next 
WARN  ===============================================================
WARN   It's rebase to v6.0.0 and future maintenance will resume there
WARN  ===============================================================
INFO  Hexo is running at http://localhost:4000 . Press Ctrl+C to stop.
WARN  ===============================================================
WARN  ========================= ATTENTION! ==========================
WARN  ===============================================================
WARN   NexT repository is moving here: https://github.com/theme-next 
WARN  ===============================================================
WARN   It's rebase to v6.0.0 and future maintenance will resume there
WARN  ===============================================================
(node:28866) [DEP0061] DeprecationWarning: fs.SyncWriteStream is deprecated.
INFO  Start processing
WARN  ===============================================================
WARN  ========================= ATTENTION! ==========================
WARN  ===============================================================
WARN   NexT repository is moving here: https://github.com/theme-next 
WARN  ===============================================================
WARN   It's rebase to v6.0.0 and future maintenance will resume there
WARN  ===============================================================
INFO  Hexo is running at http://localhost:4000 . Press Ctrl+C to stop.
(node:29000) [DEP0061] DeprecationWarning: fs.SyncWriteStream is deprecated.
INFO  Start processing
WARN  ===============================================================
WARN  ========================= ATTENTION! ==========================
WARN  ===============================================================
WARN   NexT repository is moving here: https://github.com/theme-next 
WARN  ===============================================================
WARN   It's rebase to v6.0.0 and future maintenance will resume there
WARN  ===============================================================
INFO  Hexo is running at http://localhost:4000 . Press Ctrl+C to stop.
WARN  ===============================================================
WARN  ========================= ATTENTION! ==========================
WARN  ===============================================================
WARN   NexT repository is moving here: https://github.com/theme-next 
WARN  ===============================================================
WARN   It's rebase to v6.0.0 and future maintenance will resume there
WARN  ===============================================================
